Flow report for ALU_1210708
Mon Feb 06 12:15:14 2023
Quartus II Version 9.0 Build 132 02/25/2009 SJ Web Edition


---------------------
; Table of Contents ;
---------------------
  1. Legal Notice
  2. Flow Summary
  3. Flow Settings
  4. Flow Non-Default Global Settings
  5. Flow Elapsed Time
  6. Flow OS Summary
  7. Flow Log



----------------
; Legal Notice ;
----------------
Copyright (C) 1991-2009 Altera Corporation
Your use of Altera Corporation's design tools, logic functions 
and other software and tools, and its AMPP partner logic 
functions, and any output files from any of the foregoing 
(including device programming or simulation files), and any 
associated documentation or information are expressly subject 
to the terms and conditions of the Altera Program License 
Subscription Agreement, Altera MegaCore Function License 
Agreement, or other applicable license agreement, including, 
without limitation, that your use is for the sole purpose of 
programming logic devices manufactured by Altera and sold by 
Altera or its authorized distributors.  Please refer to the 
applicable agreement for further details.



+------------------------------------------------------------------------------+
; Flow Summary                                                                 ;
+------------------------------------+-----------------------------------------+
; Flow Status                        ; Successful - Mon Feb 06 12:15:14 2023   ;
; Quartus II Version                 ; 9.0 Build 132 02/25/2009 SJ Web Edition ;
; Revision Name                      ; ALU_1210708                             ;
; Top-level Entity Name              ; ALU_Beha_1210708                        ;
; Family                             ; Cyclone II                              ;
; Device                             ; EP2C5Q208C7                             ;
; Timing Models                      ; Final                                   ;
; Met timing requirements            ; Yes                                     ;
; Total logic elements               ; 53 / 4,608 ( 1 % )                      ;
;     Total combinational functions  ; 53 / 4,608 ( 1 % )                      ;
;     Dedicated logic registers      ; 0 / 4,608 ( 0 % )                       ;
; Total registers                    ; 0                                       ;
; Total pins                         ; 17 / 142 ( 12 % )                       ;
; Total virtual pins                 ; 0                                       ;
; Total memory bits                  ; 0 / 119,808 ( 0 % )                     ;
; Embedded Multiplier 9-bit elements ; 0 / 26 ( 0 % )                          ;
; Total PLLs                         ; 0 / 2 ( 0 % )                           ;
+------------------------------------+-----------------------------------------+


+-----------------------------------------+
; Flow Settings                           ;
+-------------------+---------------------+
; Option            ; Setting             ;
+-------------------+---------------------+
; Start date & time ; 02/06/2023 12:15:05 ;
; Main task         ; Compilation         ;
; Revision Name     ; ALU_1210708         ;
+-------------------+---------------------+


+-------------------------------------------------------------------------------------------------------------------------+
; Flow Non-Default Global Settings                                                                                        ;
+------------------------------------+--------------------------------+---------------+------------------+----------------+
; Assignment Name                    ; Value                          ; Default Value ; Entity Name      ; Section Id     ;
+------------------------------------+--------------------------------+---------------+------------------+----------------+
; COMPILER_SIGNATURE_ID              ; 93328250873618.167567850513036 ; --            ; --               ; --             ;
; MAX_CORE_JUNCTION_TEMP             ; 85                             ; --            ; --               ; --             ;
; MIN_CORE_JUNCTION_TEMP             ; 0                              ; --            ; --               ; --             ;
; PARTITION_COLOR                    ; 16764057                       ; --            ; ALU_Beha_1210708 ; Top            ;
; PARTITION_NETLIST_TYPE             ; SOURCE                         ; --            ; ALU_Beha_1210708 ; Top            ;
; TOP_LEVEL_ENTITY                   ; ALU_Beha_1210708               ; ALU_1210708   ; --               ; --             ;
; USE_GENERATED_PHYSICAL_CONSTRAINTS ; Off                            ; --            ; --               ; eda_blast_fpga ;
+------------------------------------+--------------------------------+---------------+------------------+----------------+


+-----------------------------------------------------------------------------------------------------------------------------+
; Flow Elapsed Time                                                                                                           ;
+-------------------------+--------------+-------------------------+---------------------+------------------------------------+
; Module Name             ; Elapsed Time ; Average Processors Used ; Peak Virtual Memory ; Total CPU Time (on all processors) ;
+-------------------------+--------------+-------------------------+---------------------+------------------------------------+
; Analysis & Synthesis    ; 00:00:02     ; 1.0                     ; 226 MB              ; 00:00:02                           ;
; Fitter                  ; 00:00:01     ; 1.0                     ; 250 MB              ; 00:00:01                           ;
; Assembler               ; 00:00:01     ; 1.0                     ; 211 MB              ; 00:00:01                           ;
; Classic Timing Analyzer ; 00:00:01     ; 1.0                     ; 176 MB              ; 00:00:00                           ;
; Total                   ; 00:00:05     ; --                      ; --                  ; 00:00:04                           ;
+-------------------------+--------------+-------------------------+---------------------+------------------------------------+


+------------------------------------------------------------------------------------------+
; Flow OS Summary                                                                          ;
+-------------------------+------------------+---------------+------------+----------------+
; Module Name             ; Machine Hostname ; OS Name       ; OS Version ; Processor type ;
+-------------------------+------------------+---------------+------------+----------------+
; Analysis & Synthesis    ; Mohammed         ; Windows Vista ; 6.2        ; x86_64         ;
; Fitter                  ; Mohammed         ; Windows Vista ; 6.2        ; x86_64         ;
; Assembler               ; Mohammed         ; Windows Vista ; 6.2        ; x86_64         ;
; Classic Timing Analyzer ; Mohammed         ; Windows Vista ; 6.2        ; x86_64         ;
+-------------------------+------------------+---------------+------------+----------------+


------------
; Flow Log ;
------------
quartus_map --read_settings_files=on --write_settings_files=off ALU_1210708 -c ALU_1210708
quartus_fit --read_settings_files=off --write_settings_files=off ALU_1210708 -c ALU_1210708
quartus_asm --read_settings_files=off --write_settings_files=off ALU_1210708 -c ALU_1210708
quartus_tan --read_settings_files=off --write_settings_files=off ALU_1210708 -c ALU_1210708 --timing_analysis_only



